[debug] [2021-04-29T14:18:57.331Z] ----------------------------------------------------------------------
[debug] [2021-04-29T14:18:57.335Z] Command:       C:\Program Files\nodejs\node.exe C:\Users\anves\AppData\Roaming\npm\node_modules\firebase-tools\lib\bin\firebase.js init
[debug] [2021-04-29T14:18:57.335Z] CLI Version:   9.10.0
[debug] [2021-04-29T14:18:57.335Z] Platform:      win32
[debug] [2021-04-29T14:18:57.335Z] Node Version:  v12.18.3
[debug] [2021-04-29T14:18:57.337Z] Time:          Thu Apr 29 2021 16:18:57 GMT+0200 (Central European Summer Time)
[debug] [2021-04-29T14:18:57.337Z] ----------------------------------------------------------------------
[debug] 
[debug] [2021-04-29T14:18:57.349Z] > command requires scopes: ["email","openid","https://www.googleapis.com/auth/cloudplatformprojects.readonly","https://www.googleapis.com/auth/firebase","https://www.googleapis.com/auth/cloud-platform"]
[debug] [2021-04-29T14:18:57.350Z] > authorizing via signed-in user (anveshdamuluri1226@gmail.com)
[info] 
     ######## #### ########  ######## ########     ###     ######  ########
     ##        ##  ##     ## ##       ##     ##  ##   ##  ##       ##
     ######    ##  ########  ######   ########  #########  ######  ######
     ##        ##  ##    ##  ##       ##     ## ##     ##       ## ##
     ##       #### ##     ## ######## ########  ##     ##  ######  ########

You're about to initialize a Firebase project in this directory:

  E:\AmazonApp\amazon_app

Before we get started, keep in mind:

  * You are initializing in an existing Firebase project directory

[info] 
=== Project Setup
[info] 
[info] First, let's associate this project directory with a Firebase project.
[info] You can create multiple project aliases by running firebase use --add, 
[info] but for now we'll just set up a default project.
[info] 
[info] i  .firebaserc already has a default project, using app-865f7. 
[debug] [2021-04-29T14:19:03.059Z] >>> [apiv2][query] GET https://firebase.googleapis.com/v1beta1/projects/app-865f7 [none]
[debug] [2021-04-29T14:19:03.290Z] <<< [apiv2][status] GET https://firebase.googleapis.com/v1beta1/projects/app-865f7 200
[debug] [2021-04-29T14:19:03.291Z] <<< [apiv2][body] GET https://firebase.googleapis.com/v1beta1/projects/app-865f7 {"projectId":"app-865f7","projectNumber":"960955090477","displayName":"amazon-app","name":"projects/app-865f7","resources":{"hostingSite":"app-865f7"},"state":"ACTIVE"}
[info] 
=== Emulators Setup
